<?xml version="1.0" encoding="UTF-8"?>
<!-- Generated by org.testng.reporters.JUnitReportReporter -->
<testsuite hostname="DESKTOP-2GUQO5V" failures="0" tests="1" name="testCases.TC_003_ValidLogin" time="1.001" errors="0" timestamp="2024-07-25T11:20:57 IST" skipped="0">
  <testcase classname="testCases.TC_003_ValidLogin" name="testValidLogin" time="1.001"/>
</testsuite> <!-- testCases.TC_003_ValidLogin -->
