<?xml version="1.0" encoding="UTF-8"?>
<!-- Generated by org.testng.reporters.JUnitReportReporter -->
<testsuite hostname="DESKTOP-2GUQO5V" failures="0" tests="3" name="testCases.TC_002_NavigateToRegister" time="8.233" errors="0" timestamp="2024-07-25T11:20:57 IST" skipped="0">
  <testcase classname="testCases.TC_002_NavigateToRegister" name="testNavigateToRegisterViaRegister" time="0.797"/>
  <testcase classname="testCases.TC_002_NavigateToRegister" name="testNavigateToRegisterViaLogin_NewCustomer" time="3.734"/>
  <testcase classname="testCases.TC_002_NavigateToRegister" name="testNavigateToRegisterViaLogin_Register" time="3.702"/>
</testsuite> <!-- testCases.TC_002_NavigateToRegister -->
