<?xml version="1.0" encoding="UTF-8"?>
<!-- Generated by org.testng.reporters.JUnitReportReporter -->
<testsuite hostname="DESKTOP-2GUQO5V" failures="0" tests="1" name="testCases.AccountRegistrationTest" time="4.633" errors="0" timestamp="2024-07-21T08:17:17 IST" skipped="0">
  <testcase classname="testCases.AccountRegistrationTest" name="registrationTest" time="4.633"/>
</testsuite> <!-- testCases.AccountRegistrationTest -->
