<?xml version="1.0" encoding="UTF-8"?>
<!-- Generated by org.testng.reporters.JUnitReportReporter -->
<testsuite hostname="DESKTOP-2GUQO5V" failures="0" tests="1" name="testCases.TC_001_AccountRegistrationTest" time="4.982" errors="0" timestamp="2024-07-25T11:20:57 IST" skipped="0">
  <testcase classname="testCases.TC_001_AccountRegistrationTest" name="registrationTest" time="4.982"/>
</testsuite> <!-- testCases.TC_001_AccountRegistrationTest -->
