<?xml version="1.0" encoding="UTF-8"?>
<!-- Generated by org.testng.reporters.JUnitReportReporter -->
<testsuite hostname="DESKTOP-2GUQO5V" failures="0" tests="1" name="testCases.TC_001_AccountRegistrationTest" time="5.123" errors="0" timestamp="2024-07-25T13:34:13 IST" skipped="0">
  <testcase classname="testCases.TC_001_AccountRegistrationTest" name="registrationTest" time="5.123"/>
</testsuite> <!-- testCases.TC_001_AccountRegistrationTest -->
